17:03:22.994 [http-nio-9002-exec-8] DEBUG o.s.b.w.f.OrderedRequestContextFilter - Bound request context to thread: org.apache.catalina.connector.RequestFacade@1dc6e022
17:03:23.076 [http-nio-9002-exec-8] DEBUG o.s.web.servlet.DispatcherServlet - DispatcherServlet with name 'dispatcherServlet' processing GET request for [/allCircles]
17:03:23.079 [http-nio-9002-exec-8] DEBUG o.s.w.s.m.m.a.RequestMappingHandlerMapping - Looking up handler method for path /allCircles
17:03:23.083 [http-nio-9002-exec-8] DEBUG o.s.w.s.m.m.a.RequestMappingHandlerMapping - Returning handler method [public org.springframework.http.ResponseEntity<java.util.List<com.stackroute.activitystream.servicesbackend.model.Circle>> com.stackroute.activitystream.circleservice.controller.CircleController.getCustomers()]
17:03:23.084 [http-nio-9002-exec-8] DEBUG o.s.b.f.s.DefaultListableBeanFactory - Returning cached instance of singleton bean 'circleController'
17:03:23.084 [http-nio-9002-exec-8] DEBUG o.s.web.servlet.DispatcherServlet - Last-Modified value for [/allCircles] is: -1
17:03:23.085 [http-nio-9002-exec-8] DEBUG o.s.o.j.s.OpenEntityManagerInViewInterceptor - Opening JPA EntityManager in OpenEntityManagerInViewInterceptor
17:03:23.108 [http-nio-9002-exec-8] DEBUG o.s.orm.jpa.JpaTransactionManager - Found thread-bound EntityManager [org.hibernate.jpa.internal.EntityManagerImpl@459df825] for JPA transaction
17:03:23.109 [http-nio-9002-exec-8] DEBUG o.s.orm.jpa.JpaTransactionManager - Creating new transaction with name [com.stackroute.activitystream.servicesbackend.dao.CircleDaoImpl.getAllCircle]: PROPAGATION_REQUIRED,ISOLATION_DEFAULT; ''
17:03:23.109 [http-nio-9002-exec-8] DEBUG o.h.e.t.internal.TransactionImpl - begin
17:03:23.115 [http-nio-9002-exec-8] DEBUG o.s.orm.jpa.JpaTransactionManager - Exposing JPA transaction as JDBC transaction [org.springframework.orm.jpa.vendor.HibernateJpaDialect$HibernateConnectionHandle@3e3ed1a0]
17:03:23.118 [http-nio-9002-exec-8] DEBUG org.hibernate.SQL - select circle0_.circle_id as circle_i1_0_, circle0_.circle_created_by as circle_c2_0_, circle0_.circle_created_date as circle_c3_0_, circle0_.circle_name as circle_n4_0_, circle0_.circle_status as circle_s5_0_ from circle circle0_
17:03:23.179 [http-nio-9002-exec-8] DEBUG org.hibernate.loader.Loader - Result set row: 0
17:03:23.179 [http-nio-9002-exec-8] DEBUG org.hibernate.loader.Loader - Result row: EntityKey[com.stackroute.activitystream.servicesbackend.model.Circle#dummy]
17:03:23.181 [http-nio-9002-exec-8] DEBUG org.hibernate.loader.Loader - Result set row: 1
17:03:23.182 [http-nio-9002-exec-8] DEBUG org.hibernate.loader.Loader - Result row: EntityKey[com.stackroute.activitystream.servicesbackend.model.Circle#c007]
17:03:23.182 [http-nio-9002-exec-8] DEBUG org.hibernate.loader.Loader - Result set row: 2
17:03:23.182 [http-nio-9002-exec-8] DEBUG org.hibernate.loader.Loader - Result row: EntityKey[com.stackroute.activitystream.servicesbackend.model.Circle#c006]
17:03:23.182 [http-nio-9002-exec-8] DEBUG o.h.engine.internal.TwoPhaseLoad - Resolving associations for [com.stackroute.activitystream.servicesbackend.model.Circle#dummy]
17:03:23.183 [http-nio-9002-exec-8] DEBUG o.h.engine.internal.TwoPhaseLoad - Done materializing entity [com.stackroute.activitystream.servicesbackend.model.Circle#dummy]
17:03:23.183 [http-nio-9002-exec-8] DEBUG o.h.engine.internal.TwoPhaseLoad - Resolving associations for [com.stackroute.activitystream.servicesbackend.model.Circle#c007]
17:03:23.183 [http-nio-9002-exec-8] DEBUG o.h.engine.internal.TwoPhaseLoad - Done materializing entity [com.stackroute.activitystream.servicesbackend.model.Circle#c007]
17:03:23.183 [http-nio-9002-exec-8] DEBUG o.h.engine.internal.TwoPhaseLoad - Resolving associations for [com.stackroute.activitystream.servicesbackend.model.Circle#c006]
17:03:23.183 [http-nio-9002-exec-8] DEBUG o.h.engine.internal.TwoPhaseLoad - Done materializing entity [com.stackroute.activitystream.servicesbackend.model.Circle#c006]
17:03:23.191 [http-nio-9002-exec-8] DEBUG o.s.orm.jpa.JpaTransactionManager - Initiating transaction commit
17:03:23.191 [http-nio-9002-exec-8] DEBUG o.s.orm.jpa.JpaTransactionManager - Committing JPA transaction on EntityManager [org.hibernate.jpa.internal.EntityManagerImpl@459df825]
17:03:23.191 [http-nio-9002-exec-8] DEBUG o.h.e.t.internal.TransactionImpl - committing
17:03:23.192 [http-nio-9002-exec-8] DEBUG o.s.orm.jpa.JpaTransactionManager - Not closing pre-bound JPA EntityManager after transaction
17:03:23.201 [http-nio-9002-exec-8] DEBUG o.s.w.s.m.m.a.HttpEntityMethodProcessor - Written [[dummy dummy circle null null, c007 logger circle logger@niit.com 2017-10-09 13:56:41.564, c006 try null null]] as "application/json" using [org.springframework.http.converter.json.MappingJackson2HttpMessageConverter@15d3793b]
17:03:23.201 [http-nio-9002-exec-8] DEBUG o.s.web.servlet.DispatcherServlet - Null ModelAndView returned to DispatcherServlet with name 'dispatcherServlet': assuming HandlerAdapter completed request handling
17:03:23.201 [http-nio-9002-exec-8] DEBUG o.s.o.j.s.OpenEntityManagerInViewInterceptor - Closing JPA EntityManager in OpenEntityManagerInViewInterceptor
17:03:23.202 [http-nio-9002-exec-8] DEBUG o.s.o.jpa.EntityManagerFactoryUtils - Closing JPA EntityManager
17:03:23.202 [http-nio-9002-exec-8] DEBUG o.s.web.servlet.DispatcherServlet - Successfully completed request
17:03:23.203 [http-nio-9002-exec-8] DEBUG o.s.b.w.f.OrderedRequestContextFilter - Cleared thread-bound request context: org.apache.catalina.connector.RequestFacade@1dc6e022
