13:53:27.874 [http-nio-9001-exec-1] DEBUG o.s.b.w.f.OrderedRequestContextFilter - Bound request context to thread: org.apache.catalina.connector.RequestFacade@4bcb5c0e
13:53:27.920 [http-nio-9001-exec-1] DEBUG o.s.web.servlet.DispatcherServlet - DispatcherServlet with name 'dispatcherServlet' processing GET request for [/alluser]
13:53:27.935 [http-nio-9001-exec-1] DEBUG o.s.w.s.m.m.a.RequestMappingHandlerMapping - Looking up handler method for path /alluser
13:53:27.935 [http-nio-9001-exec-1] DEBUG o.s.w.s.m.m.a.RequestMappingHandlerMapping - Returning handler method [public org.springframework.http.ResponseEntity<java.util.List<com.stackroute.activitystream.servicesbackend.model.User>> com.stackroute.activitystream.UserService.controller.UserController.getUsers()]
13:53:27.958 [http-nio-9001-exec-1] DEBUG o.s.b.f.s.DefaultListableBeanFactory - Returning cached instance of singleton bean 'userController'
13:53:27.958 [http-nio-9001-exec-1] DEBUG o.s.web.servlet.DispatcherServlet - Last-Modified value for [/alluser] is: -1
13:53:27.960 [http-nio-9001-exec-1] DEBUG o.s.o.j.s.OpenEntityManagerInViewInterceptor - Opening JPA EntityManager in OpenEntityManagerInViewInterceptor
13:53:27.975 [http-nio-9001-exec-1] DEBUG o.s.orm.jpa.JpaTransactionManager - Found thread-bound EntityManager [org.hibernate.jpa.internal.EntityManagerImpl@2d5c29c5] for JPA transaction
13:53:27.976 [http-nio-9001-exec-1] DEBUG o.s.orm.jpa.JpaTransactionManager - Creating new transaction with name [com.stackroute.activitystream.servicesbackend.dao.UserDaoImpl.getUsers]: PROPAGATION_REQUIRED,ISOLATION_DEFAULT; ''
13:53:27.977 [http-nio-9001-exec-1] DEBUG o.h.e.t.internal.TransactionImpl - begin
13:53:27.980 [http-nio-9001-exec-1] DEBUG o.s.orm.jpa.JpaTransactionManager - Exposing JPA transaction as JDBC transaction [org.springframework.orm.jpa.vendor.HibernateJpaDialect$HibernateConnectionHandle@13e90fc1]
13:53:27.980 [http-nio-9001-exec-1] DEBUG org.hibernate.SQL - select user0_.email_id as email_id1_4_, user0_.user_address as user_add2_4_, user0_.user_name as user_nam3_4_, user0_.user_pass as user_pas4_4_, user0_.user_roles as user_rol5_4_ from user user0_
13:53:27.980 [http-nio-9001-exec-1] DEBUG org.hibernate.loader.Loader - Result set row: 0
13:53:27.980 [http-nio-9001-exec-1] DEBUG org.hibernate.loader.Loader - Result row: EntityKey[com.stackroute.activitystream.servicesbackend.model.User#jayashree@niit.com]
13:53:27.980 [http-nio-9001-exec-1] DEBUG org.hibernate.loader.Loader - Result set row: 1
13:53:27.980 [http-nio-9001-exec-1] DEBUG org.hibernate.loader.Loader - Result row: EntityKey[com.stackroute.activitystream.servicesbackend.model.User#hansu@niit.com]
13:53:27.980 [http-nio-9001-exec-1] DEBUG org.hibernate.loader.Loader - Result set row: 2
13:53:27.980 [http-nio-9001-exec-1] DEBUG org.hibernate.loader.Loader - Result row: EntityKey[com.stackroute.activitystream.servicesbackend.model.User#jagan@niit.com]
13:53:27.980 [http-nio-9001-exec-1] DEBUG org.hibernate.loader.Loader - Result set row: 3
13:53:27.980 [http-nio-9001-exec-1] DEBUG org.hibernate.loader.Loader - Result row: EntityKey[com.stackroute.activitystream.servicesbackend.model.User#sofia@niit.com]
13:53:27.980 [http-nio-9001-exec-1] DEBUG org.hibernate.loader.Loader - Result set row: 4
13:53:27.980 [http-nio-9001-exec-1] DEBUG org.hibernate.loader.Loader - Result row: EntityKey[com.stackroute.activitystream.servicesbackend.model.User#sagayaraj@niit.com]
13:53:27.980 [http-nio-9001-exec-1] DEBUG org.hibernate.loader.Loader - Result set row: 5
13:53:27.980 [http-nio-9001-exec-1] DEBUG org.hibernate.loader.Loader - Result row: EntityKey[com.stackroute.activitystream.servicesbackend.model.User#divya@niit.com]
13:53:27.980 [http-nio-9001-exec-1] DEBUG org.hibernate.loader.Loader - Result set row: 6
13:53:27.980 [http-nio-9001-exec-1] DEBUG org.hibernate.loader.Loader - Result row: EntityKey[com.stackroute.activitystream.servicesbackend.model.User#roshini@niit.com]
13:53:27.980 [http-nio-9001-exec-1] DEBUG org.hibernate.loader.Loader - Result set row: 7
13:53:27.980 [http-nio-9001-exec-1] DEBUG org.hibernate.loader.Loader - Result row: EntityKey[com.stackroute.activitystream.servicesbackend.model.User#selvi@niit.com]
13:53:27.980 [http-nio-9001-exec-1] DEBUG o.h.engine.internal.TwoPhaseLoad - Resolving associations for [com.stackroute.activitystream.servicesbackend.model.User#jayashree@niit.com]
13:53:27.980 [http-nio-9001-exec-1] DEBUG o.h.engine.internal.TwoPhaseLoad - Done materializing entity [com.stackroute.activitystream.servicesbackend.model.User#jayashree@niit.com]
13:53:27.980 [http-nio-9001-exec-1] DEBUG o.h.engine.internal.TwoPhaseLoad - Resolving associations for [com.stackroute.activitystream.servicesbackend.model.User#hansu@niit.com]
13:53:27.980 [http-nio-9001-exec-1] DEBUG o.h.engine.internal.TwoPhaseLoad - Done materializing entity [com.stackroute.activitystream.servicesbackend.model.User#hansu@niit.com]
13:53:27.980 [http-nio-9001-exec-1] DEBUG o.h.engine.internal.TwoPhaseLoad - Resolving associations for [com.stackroute.activitystream.servicesbackend.model.User#jagan@niit.com]
13:53:27.980 [http-nio-9001-exec-1] DEBUG o.h.engine.internal.TwoPhaseLoad - Done materializing entity [com.stackroute.activitystream.servicesbackend.model.User#jagan@niit.com]
13:53:27.980 [http-nio-9001-exec-1] DEBUG o.h.engine.internal.TwoPhaseLoad - Resolving associations for [com.stackroute.activitystream.servicesbackend.model.User#sofia@niit.com]
13:53:27.980 [http-nio-9001-exec-1] DEBUG o.h.engine.internal.TwoPhaseLoad - Done materializing entity [com.stackroute.activitystream.servicesbackend.model.User#sofia@niit.com]
13:53:27.980 [http-nio-9001-exec-1] DEBUG o.h.engine.internal.TwoPhaseLoad - Resolving associations for [com.stackroute.activitystream.servicesbackend.model.User#sagayaraj@niit.com]
13:53:27.980 [http-nio-9001-exec-1] DEBUG o.h.engine.internal.TwoPhaseLoad - Done materializing entity [com.stackroute.activitystream.servicesbackend.model.User#sagayaraj@niit.com]
13:53:27.980 [http-nio-9001-exec-1] DEBUG o.h.engine.internal.TwoPhaseLoad - Resolving associations for [com.stackroute.activitystream.servicesbackend.model.User#divya@niit.com]
13:53:27.980 [http-nio-9001-exec-1] DEBUG o.h.engine.internal.TwoPhaseLoad - Done materializing entity [com.stackroute.activitystream.servicesbackend.model.User#divya@niit.com]
13:53:27.980 [http-nio-9001-exec-1] DEBUG o.h.engine.internal.TwoPhaseLoad - Resolving associations for [com.stackroute.activitystream.servicesbackend.model.User#roshini@niit.com]
13:53:27.980 [http-nio-9001-exec-1] DEBUG o.h.engine.internal.TwoPhaseLoad - Done materializing entity [com.stackroute.activitystream.servicesbackend.model.User#roshini@niit.com]
13:53:27.980 [http-nio-9001-exec-1] DEBUG o.h.engine.internal.TwoPhaseLoad - Resolving associations for [com.stackroute.activitystream.servicesbackend.model.User#selvi@niit.com]
13:53:27.980 [http-nio-9001-exec-1] DEBUG o.h.engine.internal.TwoPhaseLoad - Done materializing entity [com.stackroute.activitystream.servicesbackend.model.User#selvi@niit.com]
13:53:27.980 [http-nio-9001-exec-1] DEBUG o.s.o.hibernate4.SessionFactoryUtils - Flushing Hibernate Session on transaction synchronization
13:53:27.980 [http-nio-9001-exec-1] DEBUG o.h.e.i.AbstractFlushingEventListener - Processing flush-time cascades
13:53:27.980 [http-nio-9001-exec-1] DEBUG o.h.e.i.AbstractFlushingEventListener - Dirty checking collections
13:53:27.980 [http-nio-9001-exec-1] DEBUG o.h.e.i.AbstractFlushingEventListener - Flushed: 0 insertions, 0 updates, 0 deletions to 8 objects
13:53:27.980 [http-nio-9001-exec-1] DEBUG o.h.e.i.AbstractFlushingEventListener - Flushed: 0 (re)creations, 0 updates, 0 removals to 0 collections
13:53:27.980 [http-nio-9001-exec-1] DEBUG o.h.internal.util.EntityPrinter - Listing entities:
13:53:27.980 [http-nio-9001-exec-1] DEBUG o.h.internal.util.EntityPrinter - com.stackroute.activitystream.servicesbackend.model.User{userAddress=chenai, userRoles=null, userPass=123, emailId=sagayaraj@niit.com, userName=sagayam}
13:53:27.980 [http-nio-9001-exec-1] DEBUG o.h.internal.util.EntityPrinter - com.stackroute.activitystream.servicesbackend.model.User{userAddress=thirunindravur, userRoles=null, userPass=amir#321, emailId=hansu@niit.com, userName=amirtha}
13:53:27.980 [http-nio-9001-exec-1] DEBUG o.h.internal.util.EntityPrinter - com.stackroute.activitystream.servicesbackend.model.User{userAddress=chenaai, userRoles=null, userPass=123, emailId=divya@niit.com, userName=divya}
13:53:27.980 [http-nio-9001-exec-1] DEBUG o.h.internal.util.EntityPrinter - com.stackroute.activitystream.servicesbackend.model.User{userAddress=guduvancherry, userRoles=null, userPass=jaya#321, emailId=jayashree@niit.com, userName=jaya}
13:53:27.980 [http-nio-9001-exec-1] DEBUG o.h.internal.util.EntityPrinter - com.stackroute.activitystream.servicesbackend.model.User{userAddress=villupuram, userRoles=admin, userPass=sofi#321, emailId=sofia@niit.com, userName=sofi kutty}
13:53:27.980 [http-nio-9001-exec-1] DEBUG o.h.internal.util.EntityPrinter - com.stackroute.activitystream.servicesbackend.model.User{userAddress=velacherry chennai, userRoles=null, userPass=rosh#321, emailId=roshini@niit.com, userName=rosh}
13:53:27.980 [http-nio-9001-exec-1] DEBUG o.h.internal.util.EntityPrinter - com.stackroute.activitystream.servicesbackend.model.User{userAddress=erode, userRoles=null, userPass=jagan#321, emailId=jagan@niit.com, userName=jai kutty}
13:53:27.980 [http-nio-9001-exec-1] DEBUG o.h.internal.util.EntityPrinter - com.stackroute.activitystream.servicesbackend.model.User{userAddress=chenai, userRoles=null, userPass=123, emailId=selvi@niit.com, userName=selvi}
13:53:27.980 [http-nio-9001-exec-1] DEBUG org.hibernate.internal.SessionImpl - Disconnecting session
13:53:27.996 [http-nio-9001-exec-1] DEBUG o.s.orm.jpa.JpaTransactionManager - Initiating transaction commit
13:53:27.996 [http-nio-9001-exec-1] DEBUG o.s.orm.jpa.JpaTransactionManager - Committing JPA transaction on EntityManager [org.hibernate.jpa.internal.EntityManagerImpl@2d5c29c5]
13:53:27.996 [http-nio-9001-exec-1] DEBUG o.h.e.t.internal.TransactionImpl - committing
13:53:27.996 [http-nio-9001-exec-1] DEBUG o.s.o.hibernate4.SessionFactoryUtils - Unexpected exception on closing Hibernate Session
java.lang.NoSuchMethodError: org.hibernate.Session.close()Ljava/sql/Connection;
	at org.springframework.orm.hibernate4.SessionFactoryUtils.closeSession(SessionFactoryUtils.java:121)
	at org.springframework.orm.hibernate4.SpringSessionSynchronization.afterCompletion(SpringSessionSynchronization.java:150)
	at org.springframework.transaction.support.TransactionSynchronizationUtils.invokeAfterCompletion(TransactionSynchronizationUtils.java:168)
	at org.springframework.transaction.support.AbstractPlatformTransactionManager.invokeAfterCompletion(AbstractPlatformTransactionManager.java:1002)
	at org.springframework.transaction.support.AbstractPlatformTransactionManager.triggerAfterCompletion(AbstractPlatformTransactionManager.java:977)
	at org.springframework.transaction.support.AbstractPlatformTransactionManager.processCommit(AbstractPlatformTransactionManager.java:806)
	at org.springframework.transaction.support.AbstractPlatformTransactionManager.commit(AbstractPlatformTransactionManager.java:730)
	at org.springframework.transaction.interceptor.TransactionAspectSupport.commitTransactionAfterReturning(TransactionAspectSupport.java:504)
	at org.springframework.transaction.interceptor.TransactionAspectSupport.invokeWithinTransaction(TransactionAspectSupport.java:292)
	at org.springframework.transaction.interceptor.TransactionInterceptor.invoke(TransactionInterceptor.java:96)
	at org.springframework.aop.framework.ReflectiveMethodInvocation.proceed(ReflectiveMethodInvocation.java:179)
	at org.springframework.aop.framework.JdkDynamicAopProxy.invoke(JdkDynamicAopProxy.java:213)
	at com.sun.proxy.$Proxy78.getUsers(Unknown Source)
	at com.stackroute.activitystream.UserService.controller.UserController.getUsers(UserController.java:52)
	at sun.reflect.GeneratedMethodAccessor71.invoke(Unknown Source)
	at sun.reflect.DelegatingMethodAccessorImpl.invoke(DelegatingMethodAccessorImpl.java:43)
	at java.lang.reflect.Method.invoke(Method.java:497)
	at org.springframework.web.method.support.InvocableHandlerMethod.doInvoke(InvocableHandlerMethod.java:205)
	at org.springframework.web.method.support.InvocableHandlerMethod.invokeForRequest(InvocableHandlerMethod.java:133)
	at org.springframework.web.servlet.mvc.method.annotation.ServletInvocableHandlerMethod.invokeAndHandle(ServletInvocableHandlerMethod.java:97)
	at org.springframework.web.servlet.mvc.method.annotation.RequestMappingHandlerAdapter.invokeHandlerMethod(RequestMappingHandlerAdapter.java:827)
	at org.springframework.web.servlet.mvc.method.annotation.RequestMappingHandlerAdapter.handleInternal(RequestMappingHandlerAdapter.java:738)
	at org.springframework.web.servlet.mvc.method.AbstractHandlerMethodAdapter.handle(AbstractHandlerMethodAdapter.java:85)
	at org.springframework.web.servlet.DispatcherServlet.doDispatch(DispatcherServlet.java:967)
	at org.springframework.web.servlet.DispatcherServlet.doService(DispatcherServlet.java:901)
	at org.springframework.web.servlet.FrameworkServlet.processRequest(FrameworkServlet.java:970)
	at org.springframework.web.servlet.FrameworkServlet.doGet(FrameworkServlet.java:861)
	at javax.servlet.http.HttpServlet.service(HttpServlet.java:635)
	at org.springframework.web.servlet.FrameworkServlet.service(FrameworkServlet.java:846)
	at javax.servlet.http.HttpServlet.service(HttpServlet.java:742)
	at org.apache.catalina.core.ApplicationFilterChain.internalDoFilter(ApplicationFilterChain.java:231)
	at org.apache.catalina.core.ApplicationFilterChain.doFilter(ApplicationFilterChain.java:166)
	at org.apache.tomcat.websocket.server.WsFilter.doFilter(WsFilter.java:52)
	at org.apache.catalina.core.ApplicationFilterChain.internalDoFilter(ApplicationFilterChain.java:193)
	at org.apache.catalina.core.ApplicationFilterChain.doFilter(ApplicationFilterChain.java:166)
	at org.springframework.web.filter.RequestContextFilter.doFilterInternal(RequestContextFilter.java:99)
	at org.springframework.web.filter.OncePerRequestFilter.doFilter(OncePerRequestFilter.java:107)
	at org.apache.catalina.core.ApplicationFilterChain.internalDoFilter(ApplicationFilterChain.java:193)
	at org.apache.catalina.core.ApplicationFilterChain.doFilter(ApplicationFilterChain.java:166)
	at org.springframework.web.filter.HttpPutFormContentFilter.doFilterInternal(HttpPutFormContentFilter.java:105)
	at org.springframework.web.filter.OncePerRequestFilter.doFilter(OncePerRequestFilter.java:107)
	at org.apache.catalina.core.ApplicationFilterChain.internalDoFilter(ApplicationFilterChain.java:193)
	at org.apache.catalina.core.ApplicationFilterChain.doFilter(ApplicationFilterChain.java:166)
	at org.springframework.web.filter.HiddenHttpMethodFilter.doFilterInternal(HiddenHttpMethodFilter.java:81)
	at org.springframework.web.filter.OncePerRequestFilter.doFilter(OncePerRequestFilter.java:107)
	at org.apache.catalina.core.ApplicationFilterChain.internalDoFilter(ApplicationFilterChain.java:193)
	at org.apache.catalina.core.ApplicationFilterChain.doFilter(ApplicationFilterChain.java:166)
	at org.springframework.web.filter.CharacterEncodingFilter.doFilterInternal(CharacterEncodingFilter.java:197)
	at org.springframework.web.filter.OncePerRequestFilter.doFilter(OncePerRequestFilter.java:107)
	at org.apache.catalina.core.ApplicationFilterChain.internalDoFilter(ApplicationFilterChain.java:193)
	at org.apache.catalina.core.ApplicationFilterChain.doFilter(ApplicationFilterChain.java:166)
	at org.apache.catalina.core.StandardWrapperValve.invoke(StandardWrapperValve.java:198)
	at org.apache.catalina.core.StandardContextValve.invoke(StandardContextValve.java:96)
	at org.apache.catalina.authenticator.AuthenticatorBase.invoke(AuthenticatorBase.java:478)
	at org.apache.catalina.core.StandardHostValve.invoke(StandardHostValve.java:140)
	at org.apache.catalina.valves.ErrorReportValve.invoke(ErrorReportValve.java:80)
	at org.apache.catalina.core.StandardEngineValve.invoke(StandardEngineValve.java:87)
	at org.apache.catalina.connector.CoyoteAdapter.service(CoyoteAdapter.java:342)
	at org.apache.coyote.http11.Http11Processor.service(Http11Processor.java:799)
	at org.apache.coyote.AbstractProcessorLight.process(AbstractProcessorLight.java:66)
	at org.apache.coyote.AbstractProtocol$ConnectionHandler.process(AbstractProtocol.java:868)
	at org.apache.tomcat.util.net.NioEndpoint$SocketProcessor.doRun(NioEndpoint.java:1455)
	at org.apache.tomcat.util.net.SocketProcessorBase.run(SocketProcessorBase.java:49)
	at java.util.concurrent.ThreadPoolExecutor.runWorker(ThreadPoolExecutor.java:1142)
	at java.util.concurrent.ThreadPoolExecutor$Worker.run(ThreadPoolExecutor.java:617)
	at org.apache.tomcat.util.threads.TaskThread$WrappingRunnable.run(TaskThread.java:61)
	at java.lang.Thread.run(Thread.java:745)
13:53:27.996 [http-nio-9001-exec-1] DEBUG o.s.orm.jpa.JpaTransactionManager - Not closing pre-bound JPA EntityManager after transaction
13:53:27.996 [http-nio-9001-exec-1] DEBUG o.s.w.s.m.m.a.HttpEntityMethodProcessor - Written [[com.stackroute.activitystream.servicesbackend.model.User@405ea6ed, com.stackroute.activitystream.servicesbackend.model.User@93250a0, com.stackroute.activitystream.servicesbackend.model.User@3fabf26e, com.stackroute.activitystream.servicesbackend.model.User@359930af, com.stackroute.activitystream.servicesbackend.model.User@c5813f, com.stackroute.activitystream.servicesbackend.model.User@1b6976d7, com.stackroute.activitystream.servicesbackend.model.User@7b31df56, com.stackroute.activitystream.servicesbackend.model.User@75194d7]] as "application/json" using [org.springframework.http.converter.json.MappingJackson2HttpMessageConverter@66749eea]
13:53:27.996 [http-nio-9001-exec-1] DEBUG o.s.web.servlet.DispatcherServlet - Null ModelAndView returned to DispatcherServlet with name 'dispatcherServlet': assuming HandlerAdapter completed request handling
13:53:27.996 [http-nio-9001-exec-1] DEBUG o.s.o.j.s.OpenEntityManagerInViewInterceptor - Closing JPA EntityManager in OpenEntityManagerInViewInterceptor
13:53:27.996 [http-nio-9001-exec-1] DEBUG o.s.o.jpa.EntityManagerFactoryUtils - Closing JPA EntityManager
13:53:27.996 [http-nio-9001-exec-1] DEBUG o.s.web.servlet.DispatcherServlet - Successfully completed request
13:53:27.996 [http-nio-9001-exec-1] DEBUG o.s.b.w.f.OrderedRequestContextFilter - Cleared thread-bound request context: org.apache.catalina.connector.RequestFacade@4bcb5c0e
